-------------------------------------------------------------------------------
Test set: runners.TestRunner
-------------------------------------------------------------------------------
Tests run: 1, Failures: 0, Errors: 1, Skipped: 0, Time elapsed: 0.439 s <<< FAILURE! - in runners.TestRunner
initializationError(runners.TestRunner)  Time elapsed: 0.007 s  <<< ERROR!
java.lang.IllegalArgumentException: Not a file or directory: D:\45h1k\MyGitHub\bdd-test-automation-boilerplate\src\test\resources

